0.999507  1    0.999507    -0.0314108    0.99852    -0.0941858    0.00295991    0.997041    -0.188232    0.0147922    -0.000464865    
0.995562  1    0.995562    -0.0941083    0.986715    -0.281072    0.0265691    0.973519    -0.558399    0.132256    -0.0125019    
0.987688  1    0.987688    -0.156434    0.963292    -0.463525    0.0734152    0.927262    -0.909895    0.362557    -0.0574234    
0.975917  1    0.975917    -0.218143    0.92862    -0.638669    0.142759    0.859816    -1.231    0.696607    -0.15571    
0.960294  1    0.960294    -0.278991    0.883246    -0.80374    0.233508    0.77343    -1.51108    1.12118    -0.325733    
0.940881  1    0.940881    -0.338738    0.827885    -0.956136    0.34423    0.670981    -1.74092    1.6194    -0.583019    
0.917755  1    0.917755    -0.397148    0.76341    -1.09345    0.473179    0.555869    -1.91308    2.17131    -0.939611    
0.891007  1    0.891007    -0.45399    0.690839    -1.21353    0.618322    0.431899    -2.02216    2.75465    -1.40356    
0.860742  1    0.860742    -0.509041    0.611315    -1.31446    0.777369    0.303147    -2.06497    3.34557    -1.97857    
0.827081  1    0.827081    -0.562083    0.526093    -1.39466    0.947813    0.173816    -2.04063    3.91959    -2.66375    
0.790155  1    0.790155    -0.612907    0.436517    -1.45287    1.12697    0.0480907    -1.95063    4.45239    -3.45362    
0.750111  1    0.750111    -0.661312    0.344    -1.48817    1.312    -0.0700105    -1.79877    4.92073    -4.33821    
0.707107  1    0.707107    -0.707107    0.25    -1.5    1.5    -0.176777    -1.59099    5.3033    -5.3033    
0.661312  1    0.661312    -0.750111    0.156    -1.48817    1.688    -0.268933    -1.3352    5.58147    -6.33094    
0.612907  1    0.612907    -0.790155    0.0634826    -1.45287    1.87303    -0.343756    -1.04096    5.73998    -7.39994    
0.562083  1    0.562083    -0.827081    -0.0260934    -1.39466    2.05219    -0.399167    -0.719174    5.7675    -8.48662    
0.509041  1    0.509041    -0.860742    -0.111315    -1.31446    2.22263    -0.433801    -0.381673    5.65705    -9.56556    
0.45399  1    0.45399    -0.891007    -0.190839    -1.21353    2.38168    -0.447059    -0.0408128    5.4063    -10.6105    
0.397148  1    0.397148    -0.917755    -0.26341    -1.09345    2.52682    -0.43912    0.290976    5.01761    -11.595    
0.338738  1    0.338738    -0.940881    -0.327885    -0.956136    2.65577    -0.410937    0.601622    4.49805    -12.4938    
0.278991  1    0.278991    -0.960294    -0.383246    -0.80374    2.76649    -0.364198    0.87985    3.85913    -13.2832    
0.218143  1    0.218143    -0.975917    -0.42862    -0.638669    2.85724    -0.301263    1.11557    3.11644    -13.9421    
0.156434  1    0.156434    -0.987688    -0.463292    -0.463525    2.92658    -0.225081    1.30025    2.28909    -14.4528    
0.0941083  1    0.0941083    -0.995562    -0.486715    -0.281072    2.97343    -0.139079    1.42721    1.39912    -14.8012    
0.0314108  1    0.0314108    -0.999507    -0.49852    -0.0941858    2.99704    -0.0470387    1.49186    0.470697    -14.9778    
-0.0314108  1    -0.0314108    -0.999507    -0.49852    0.0941858    2.99704    0.0470387    1.49186    -0.470697    -14.9778    
-0.0941083  1    -0.0941083    -0.995562    -0.486715    0.281072    2.97343    0.139079    1.42721    -1.39912    -14.8012    
-0.156434  1    -0.156434    -0.987688    -0.463292    0.463525    2.92658    0.225081    1.30025    -2.28909    -14.4528    
-0.218143  1    -0.218143    -0.975917    -0.42862    0.638669    2.85724    0.301263    1.11557    -3.11644    -13.9421    
-0.278991  1    -0.278991    -0.960294    -0.383246    0.80374    2.76649    0.364198    0.87985    -3.85913    -13.2832    
-0.338738  1    -0.338738    -0.940881    -0.327885    0.956136    2.65577    0.410937    0.601622    -4.49805    -12.4938    
-0.397148  1    -0.397148    -0.917755    -0.26341    1.09345    2.52682    0.43912    0.290976    -5.01761    -11.595    
-0.45399  1    -0.45399    -0.891007    -0.190839    1.21353    2.38168    0.447059    -0.0408128    -5.4063    -10.6105    
-0.509041  1    -0.509041    -0.860742    -0.111315    1.31446    2.22263    0.433801    -0.381673    -5.65705    -9.56556    
-0.562083  1    -0.562083    -0.827081    -0.0260934    1.39466    2.05219    0.399167    -0.719174    -5.7675    -8.48662    
-0.612907  1    -0.612907    -0.790155    0.0634826    1.45287    1.87303    0.343756    -1.04096    -5.73998    -7.39994    
-0.661312  1    -0.661312    -0.750111    0.156    1.48817    1.688    0.268933    -1.3352    -5.58147    -6.33094    
-0.707107  1    -0.707107    -0.707107    0.25    1.5    1.5    0.176777    -1.59099    -5.3033    -5.3033    
-0.750111  1    -0.750111    -0.661312    0.344    1.48817    1.312    0.0700105    -1.79877    -4.92073    -4.33821    
-0.790155  1    -0.790155    -0.612907    0.436517    1.45287    1.12697    -0.0480907    -1.95063    -4.45239    -3.45362    
-0.827081  1    -0.827081    -0.562083    0.526093    1.39466    0.947813    -0.173816    -2.04063    -3.91959    -2.66375    
-0.860742  1    -0.860742    -0.509041    0.611315    1.31446    0.777369    -0.303147    -2.06497    -3.34557    -1.97857    
-0.891007  1    -0.891007    -0.45399    0.690839    1.21353    0.618322    -0.431899    -2.02216    -2.75465    -1.40356    
-0.917755  1    -0.917755    -0.397148    0.76341    1.09345    0.473179    -0.555869    -1.91308    -2.17131    -0.939611    
-0.940881  1    -0.940881    -0.338738    0.827885    0.956136    0.34423    -0.670981    -1.74092    -1.6194    -0.583019    
-0.960294  1    -0.960294    -0.278991    0.883246    0.80374    0.233508    -0.77343    -1.51108    -1.12118    -0.325733    
-0.975917  1    -0.975917    -0.218143    0.92862    0.638669    0.142759    -0.859816    -1.231    -0.696607    -0.15571    
-0.987688  1    -0.987688    -0.156434    0.963292    0.463525    0.0734152    -0.927262    -0.909895    -0.362557    -0.0574234    
-0.995562  1    -0.995562    -0.0941083    0.986715    0.281072    0.0265691    -0.973519    -0.558399    -0.132256    -0.0125019    
-0.999507  1    -0.999507    -0.0314108    0.99852    0.0941858    0.00295991    -0.997041    -0.188232    -0.0147922    -0.000464865    
