0.2   0.902472  0.0950826  0.0048354  0.000162541  4.08402e-06  8.19543e-08  1.36917e-09  1.95946e-11  2.45274e-13  2.7283e-15  
0.6   0.721764  0.257195  0.0406654  0.00417246  0.000317749  1.92589e-05  9.69912e-07  4.17925e-08  1.5738e-09  5.26358e-11  
1   0.559134  0.384993  0.105426  0.0183558  0.00235435  0.000239474  2.01988e-05  1.45586e-06  9.16315e-08  5.11921e-09  
1.4   0.413378  0.481973  0.192609  0.0478362  0.00868262  0.00124512  0.000147758  1.49647e-05  1.32237e-06  1.03662e-07  
1.8   0.283349  0.551393  0.296379  0.0965037  0.0227704  0.00422835  0.000648376  8.4742e-05  9.6554e-06  9.75375e-07  
2.2   0.167961  0.596289  0.411531  0.167145  0.0487512  0.0111451  0.00209938  0.000336619  4.70123e-05  5.81777e-06  
2.6   0.066182  0.619484  0.533448  0.261566  0.0912157  0.0248272  0.00555533  0.00105669  0.000174918  2.56407e-05  
3   -0.022967  0.623603  0.658054  0.380703  0.155027  0.0490543  0.0127311  0.00280484  0.000537293  9.10883e-05  
3.4   -0.100413  0.611078  0.78178  0.524728  0.245157  0.0885927  0.0261956  0.00656603  0.0014297  0.000275338  
3.8   -0.167035  0.58416  0.901526  0.693148  0.366546  0.149202  0.0495706  0.013941  0.00340275  0.000734134  
4.2   -0.223664  0.54493  1.01462  0.884894  0.523973  0.237614  0.0877277  0.0273765  0.00740767  0.00177059  
4.6   -0.271086  0.495308  1.11881  1.0984  0.721955  0.361495  0.146979  0.0504347  0.0149917  0.00393394  
5   -0.310045  0.43706  1.21217  1.33169  0.964653  0.529378  0.235257  0.0880993  0.0285514  0.00816308  
5.4   -0.341243  0.371807  1.29316  1.58245  1.2558  0.750587  0.362284  0.147117  0.0516502  0.015987  
5.8   -0.365342  0.301036  1.36053  1.84805  1.59862  1.03514  0.539714  0.236368  0.0894081  0.029796  
6.2   -0.382967  0.226102  1.4133  2.12568  1.99582  1.39366  0.781271  0.367273  0.148968  0.053198  
6.6   -0.394707  0.148241  1.45077  2.41235  2.4495  1.83724  1.10285  0.554207  0.240045  0.0914771  
7   -0.401115  0.0685748  1.47248  2.70494  2.96115  2.37733  1.5226  0.814952  0.375563  0.15217  
7.4   -0.402712  -0.0118839  1.47815  3.00027  3.53166  3.02562  2.06099  1.17115  0.57238  0.245778  
7.8   -0.399988  -0.092222  1.46773  3.29513  4.16123  3.79393  2.74085  1.64877  0.852107  0.386637  
8.2   -0.393401  -0.171622  1.44132  3.5863  4.84946  4.69403  3.58735  2.2786  1.24202  0.593952  
8.6   -0.383383  -0.249354  1.39919  3.87061  5.59529  5.73756  4.62802  3.09666  1.77608  0.893038  
9   -0.370336  -0.324773  1.34174  4.14495  6.39704  6.93587  5.89269  4.14473  2.49601  1.31676  
9.4   -0.354636  -0.397311  1.26948  4.40631  7.25241  8.29995  7.41343  5.4708  3.45249  1.90719  
9.8   -0.336635  -0.466474  1.18304  4.6518  8.15851  9.84022  9.22442  7.12945  4.70648  2.71756  
10.2   -0.316662  -0.531834  1.08314  4.87863  9.11188  11.5665  11.3619  9.18233  6.33054  3.81442  
10.6   -0.295021  -0.593027  0.970582  5.08421  10.1085  13.4879  13.864  11.6985  8.41029  5.28012  
11   -0.271996  -0.64975  0.846228  5.26608  11.144  15.6125  16.7706  14.7549  11.0459  7.21556  
11.4   -0.247851  -0.701751  0.710997  5.42197  12.2132  17.9477  20.1231  18.4365  14.3539  9.74328  
11.8   -0.222828  -0.748832  0.565855  5.54982  13.3109  20.4997  23.9642  22.8367  18.4684  13.0109  
12.2   -0.197154  -0.790839  0.411803  5.64772  14.4312  23.2736  28.3377  28.0576  23.5433  17.1946  
12.6   -0.171036  -0.827664  0.249865  5.71401  15.5679  26.2733  33.2886  34.2103  29.7536  22.5038  
13   -0.144665  -0.859237  0.0810874  5.74721  16.7146  29.5014  38.8623  41.4146  37.2975  29.1849  
13.4   -0.118216  -0.885525  -0.0934769  5.74606  17.8645  32.9593  45.1045  49.7998  46.3981  37.5265  
13.8   -0.091849  -0.906529  -0.27277  5.70951  19.0106  36.6469  52.0613  59.5041  57.3053  47.8645  
14.2   -0.0657101  -0.92228  -0.455738  5.63671  20.1459  40.5628  59.7785  70.675  70.2975  60.5876  
14.6   -0.0399316  -0.932837  -0.641336  5.52704  21.2629  44.7041  68.3015  83.4692  85.6835  76.1431  
15   -0.0146336  -0.938284  -0.828532  5.38007  22.3542  49.0663  77.6749  98.0523  103.804  95.0433  
15.4   0.0100762  -0.938729  -1.01632  5.19558  23.4124  53.6435  87.9423  114.599  125.035  117.872  
15.8   0.0341012  -0.934299  -1.2037  4.97357  24.4299  58.4285  99.1461  133.292  149.787  145.292  
16.2   0.0573556  -0.92514  -1.38972  4.7142  25.3993  63.4123  111.327  154.322  178.508  178.052  
16.6   0.0797635  -0.911414  -1.57345  4.41783  26.3131  68.5845  124.524  177.89  211.686  216.993  
17   0.101258  -0.893296  -1.75399  4.08503  27.164  73.9334  138.773  204.202  249.85  263.06  
17.4   0.121783  -0.870975  -1.93049  3.71651  27.9448  79.4455  154.108  233.472  293.57  317.307  
17.8   0.141288  -0.84465  -2.10212  3.31316  28.6483  85.1061  170.561  265.92  343.464  380.909  
18.2   0.159732  -0.81453  -2.2681  2.87604  29.2678  90.8992  188.159  301.773  400.197  455.171  
18.6   0.177082  -0.780831  -2.42769  2.40634  29.7966  96.8072  206.928  341.262  464.486  541.543  
19   0.193309  -0.743773  -2.5802  1.90543  30.2282  102.811  226.889  384.625  537.112  641.64  
19.4   0.208392  -0.703583  -2.72499  1.37478  30.5568  108.892  248.058  432.102  618.935  757.271  
19.8   0.222318  -0.660493  -2.86144  0.81599  30.7763  115.027  270.45  483.937  710.929  890.491  
