0.505051   0.762977   0.221955   0.0292839   0.00251866   0.000161057   8.20369e-06   3.47371e-07   1.25884e-08   3.98763e-10   1.12202e-11   
1.51515   0.374382   0.504645   0.221022   0.0597375   0.0117716   0.00183066   0.00023545   2.58349e-05   2.47272e-06   2.09921e-07   
2.52525   0.084213   0.616675   0.510346   0.242061   0.0818072   0.0215962   0.00468892   0.000865636   0.000139096   1.9795e-05   
3.53535   -0.124126   0.603473   0.822887   0.57903   0.282491   0.106427   0.0327805   0.00855488   0.00193885   0.000388565   
4.54545   -0.265134   0.50262   1.1052   1.06807   0.692413   0.34221   0.137385   0.0465583   0.0136697   0.00354334   
5.55556   -0.351423   0.344863   1.32104   1.68412   1.38282   0.853149   0.424587   0.177665   0.0642492   0.0204788   
6.56566   -0.393915   0.155012   1.44817   2.38746   2.40829   1.79553   1.07166   0.535538   0.230689   0.087436   
7.57576   -0.402019   -0.0472493   1.47555   3.13008   3.80102   3.34773   2.34086   1.36436   0.683608   0.300841   
8.58586   -0.383791   -0.246642   1.40095   3.86071   5.56796   5.69809   4.5876   3.06407   1.7543   0.880557   
9.59596   -0.346084   -0.431644   1.22886   4.52874   7.69017   9.03188   8.26216   6.23816   4.02543   2.27292   
10.6061   -0.294681   -0.593921   0.968784   5.08715   10.124   13.5185   13.9049   11.7406   8.4458   5.30566   
11.6162   -0.234423   -0.727815   0.63373   5.49467   12.8033   19.2995   22.1354   20.7188   16.4679   11.4067   
12.6263   -0.169311   -0.829898   0.238982   5.71722   15.6429   26.4782   33.635   34.6497   30.2057   22.8975   
13.6364   -0.102616   -0.898573   -0.198919   5.7288   18.5427   35.1107   49.126   55.3654   52.6078   43.3704   
14.6465   -0.0369662   -0.93373   -0.663018   5.51188   21.3911   45.1995   69.3458   85.0681   87.6412   78.1564   
15.6566   0.0255705   -0.93644   -1.13661   5.05749   24.0702   56.6893   95.0183   126.33   140.479   134.886   
16.6667   0.083411   -0.908694   -1.60379   4.36488   26.4595   69.4641   126.824   182.079   217.684   224.148   
17.6768   0.13539   -0.853175   -2.04981   3.44107   28.4402   83.3473   165.371   255.571   327.383   360.23   
18.6869   0.180702   -0.77306   -2.46144   2.30017   29.8988   98.1036   211.161   350.341   479.418   561.955   
19.697   0.218843   -0.671856   -2.82712   0.962518   30.7305   113.442   264.564   470.147   685.476   853.575   
20.7071   0.249566   -0.553257   -3.13715   -0.546134   30.8422   129.023   325.79   618.895   959.186   1265.73   
21.7172   0.272839   -0.421025   -3.38368   -2.19562   30.1551   144.462   394.867   800.551   1316.16   1836.46   
22.7273   0.288804   -0.278893   -3.56076   -3.95229   28.6063   159.338   471.617   1019.04   1774.03   2612.16   
23.7374   0.297745   -0.130486   -3.66433   -5.77996   26.1509   173.204   555.644   1278.16   2352.34   3648.67   
24.7475   0.300058   0.0207437   -3.69209   -7.64086   22.7624   185.596   646.322   1581.42   3072.53   5012.14   
25.7576   0.296225   0.171568   -3.64345   -9.49648   18.4337   196.038   742.786   1931.98   3957.7   6780   
26.7677   0.286792   0.319018   -3.51936   -11.3084   13.1774   204.059   843.932   2332.5   5032.44   9041.73   
27.7778   0.27235   0.460413   -3.32223   -13.0391   7.02481   209.198   948.421   2785   6322.52   11899.5   
28.7879   0.253516   0.593379   -3.05572   -14.6525   0.0263183   211.012   1054.68   3290.8   7854.55   15468.8   
29.798   0.23092   0.715857   -2.72462   -16.1148   -7.75024   209.093   1160.94   3850.34   9655.61   19878.7   
30.8081   0.205193   0.826105   -2.33469   -17.3947   -16.2205   203.067   1265.2   4463.13   11752.8   25271.9   
31.8182   0.176954   0.922699   -1.89247   -18.4643   -25.2852   192.609   1365.31   5127.62   14172.5   31804.6   
32.8283   0.146805   1.00452   -1.40516   -19.2987   -34.8317   177.445   1458.96   5841.14   16940.4   39646.3   
33.8384   0.115324   1.07076   -0.880427   -19.8773   -44.7358   157.365   1543.72   6599.82   20080.3   48979   
34.8485   0.0830554   1.12088   -0.326296   -20.1831   -54.8638   132.22   1617.06   7398.53   23613.6   59996.2   
35.8586   0.0505093   1.15461   0.249015   -20.2033   -65.0747   101.933   1676.41   8230.86   27559.1   72901.7   
36.8687   0.0181574   1.17193   0.837215   -19.9294   -75.2217   66.4986   1719.16   9089.09   31931.9   87907.9   
37.8788   -0.0135697   1.17306   1.43006   -19.3569   -85.1551   25.9873   1742.72   9964.17   36742.7   105234   
38.8889   -0.0442833   1.1584   2.01946   -18.4855   -94.7238   -19.4552   1744.57   10845.8   41997.4   125104   
39.899   -0.0736382   1.12856   2.5976   -17.3189   -103.778   -69.6065   1722.27   11722.3   47696.4   147746   
40.9091   -0.101332   1.0843   3.15699   -15.8648   -112.169   -124.169   1673.52   12581.1   53833.7   173384   
41.9192   -0.127104   1.02652   3.69057   -14.1344   -119.756   -182.773   1596.17   13408.1   60396.7   202246   
42.9293   -0.150737   0.956268   4.19178   -12.1424   -126.402   -244.976   1488.28   14188.5   67365.1   234551   
43.9394   -0.172052   0.874655   4.65459   -9.90673   -131.98   -310.272   1348.18   14906.5   74710.4   270518   
44.9495   -0.190911   0.782892   5.07356   -7.44817   -136.372   -378.089   1174.43   15545.6   82395.6   310360   
45.9596   -0.20721   0.682247   5.44389   -4.79011   -139.47   -447.801   965.916   16088.5   90374.2   354294   
46.9697   -0.220883   0.574031   5.76143   -1.95818   -141.181   -518.731   721.84   16517.9   98589.4   402546   
47.9798   -0.231893   0.459582   6.02267   1.02004   -141.423   -590.157   441.761   16816   106973   455370   
48.9899   -0.240237   0.340245   6.22483   4.11539   -140.131   -661.318   125.605   16965.4   115445   513080   
50   -0.245936   0.217364   6.36576   7.29745   -137.252   -731.426   -226.316   16949.1   123911   576099   
51.0101   -0.249039   0.0922622   6.44401   10.5349   -132.751   -799.667   -613.299   16750.8   132257   645038   
52.0202   -0.249617   -0.0337655   6.4588   13.7959   -126.608   -865.216   -1034.24   16356   140352   720828   
53.0303   -0.247761   -0.159466   6.40996   17.0483   -118.819   -927.238   -1487.64   15752.3   148035   804916   
54.0404   -0.243581   -0.283638   6.29798   20.2601   -109.397   -984.901   -1971.62   14930.3   155110   899571   
55.0505   -0.237202   -0.405138   6.12391   23.3996   -98.3701   -1037.38   -2483.93   13885.5   161332   1.00835e+06   
56.0606   -0.228762   -0.522889   5.88938   26.4359   -85.7836   -1083.87   -3021.98   12619.8   166390   1.13679e+06   
57.0707   -0.218411   -0.635889   5.59655   29.3389   -71.6975   -1123.58   -3582.89   11144.4   169876   1.29347e+06   
58.0808   -0.206307   -0.743211   5.24803   32.08   -56.1871   -1155.76   -4163.55   9483.51   171248   1.49155e+06   
59.0909   -0.192616   -0.844012   4.84693   34.6317   -39.342   -1179.68   -4760.68   7680.4   169775   1.75104e+06   
60.101   -0.177509   -0.937534   4.39673   36.9685   -21.2659   -1194.67   -5370.97   5804.72   164454   2.1022e+06   
61.1111   -0.161161   -1.02311   3.90128   39.0665   -2.07501   -1200.07   -5991.23   3963.98   153899   2.59037e+06   
62.1212   -0.143747   -1.10014   3.36475   40.9041   18.1018   -1195.29   -6618.54   2319.25   136184   3.28303e+06   
63.1313   -0.125443   -1.16815   2.79158   42.4617   39.1247   -1179.78   -7250.58   1107.42   108623   4.27998e+06   
64.1414   -0.106424   -1.22673   2.18643   43.7221   60.8429   -1153   -7885.9   672.428   67471   5.72784e+06   
65.1515   -0.0868623   -1.27556   1.55416   44.6707   83.0962   -1114.47   -8524.47   1508.74   7504   7.84077e+06   
66.1616   -0.066927   -1.31441   0.899748   45.2954   105.715   -1063.71   -9168.24   4321.89   -78543.1   1.09297e+07   
67.1717   -0.0467816   -1.34313   0.228288   45.5865   128.521   -1000.24   -9821.97   10112.1   -200747   1.54439e+07   
68.1818   -0.0265841   -1.36166   -0.455081   45.5375   151.329   -923.557   -10494.4   20289.6   -373036   2.20283e+07   
69.1919   -0.00648606   -1.37   -1.1452   45.1443   173.944   -833.083   -11199.4   36832.2   -614583   3.16052e+07   
70.202   0.0133685   -1.36825   -1.83695   44.4058   196.163   -728.132   -11958.5   62501   -951671   4.54862e+07   
71.2121   0.0328432   -1.35656   -2.52524   43.3238   217.775   -607.84   -12802.6   101132   -1.42017e+06   6.55277e+07   
72.2222   0.0518102   -1.33516   -3.20509   41.9031   238.556   -471.077   -13776.1   158035   -2.06884e+06   9.43456e+07   
73.2323   0.0701508   -1.30433   -3.87165   40.1515   258.272   -316.34   -14940.5   240520   -2.96362e+06   1.35609e+08   
74.2424   0.087755   -1.26442   -4.52022   38.0797   276.671   -141.609   -16380.7   358618   -4.19331e+06   1.94443e+08   
75.2525   0.104523   -1.21583   -5.14628   35.7021   293.483   55.8419   -18212   526036   -5.87701e+06   2.77974e+08   
76.2626   0.120363   -1.159   -5.74549   33.036   308.409   279.677   -20590   761421   -8.1737e+06   3.96072e+08   
77.2727   0.135196   -1.09442   -6.31378   30.1026   321.117   534.805   -23723   1.09006e+06   -1.12947e+07   5.62353e+08   
78.2828   0.148949   -1.02262   -6.84729   26.927   331.232   827.766   -27888.2   1.54607e+06   -1.55196e+07   7.95524e+08   
79.2929   0.161561   -0.944161   -7.34241   23.5384   338.319   1167.22   -33452.5   2.1754e+06   -2.12172e+07   1.12119e+09   
80.303   0.17298   -0.859629   -7.79583   19.9709   341.868   1564.58   -40899.4   3.03959e+06   -2.88712e+07   1.57428e+09   
81.3131   0.183164   -0.769641   -8.20448   16.264   341.275   2034.78   -50862.9   4.22084e+06   -3.91141e+07   2.20223e+09   
82.3232   0.192079   -0.674829   -8.56559   12.4635   335.808   2597.28   -64171.7   5.82856e+06   -5.27697e+07   3.06928e+09   
83.3333   0.199701   -0.57584   -8.87667   8.62256   324.58   3277.27   -81905   8.00785e+06   -7.09058e+07   4.26209e+09   
84.3434   0.206015   -0.473331   -9.1355   4.80303   306.503   4107.29   -105463   1.09505e+07   -9.49025e+07   5.8972e+09   
85.3535   0.211012   -0.367966   -9.34011   1.07727   280.231   5129.11   -136657   1.49092e+07   -1.26536e+08   8.13077e+09   
86.3636   0.214693   -0.260409   -9.4888   -2.46978   244.104   6396.15   -177822   2.02159e+07   -1.68082e+08   1.11714e+10   
87.3737   0.217067   -0.151324   -9.58011   -5.73783   196.055   7976.53   -231960   2.7305e+07   -2.22449e+08   1.52969e+10   
88.3838   0.218148   -0.0413673   -9.61276   -8.60794   133.519   9956.74   -302922   3.67435e+07   -2.93338e+08   2.08759e+10   
89.3939   0.217958   0.0688136   -9.58569   -10.9384   53.3071   12446.3   -395629   4.92692e+07   -3.85441e+08   2.83963e+10   
90.404   0.216526   0.178584   -9.49793   -12.5597   -48.5454   15583.2   -516353   6.58395e+07   -5.04687e+08   3.85021e+10   
91.4141   0.213884   0.287323   -9.34866   -13.2683   -176.959   19541.5   -673074   8.76925e+07   -6.58537e+08   5.20399e+10   
92.4242   0.210072   0.394431   -9.13704   -12.8191   -338.036   24539.2   -875911   1.16426e+08   -8.56352e+08   7.0121e+10   
93.4343   0.205132   0.499327   -8.86225   -10.9163   -539.328   30849   -1.13767e+06   1.54094e+08   -1.10983e+09   9.41985e+10   
94.4444   0.199113   0.601453   -8.52334   -7.20235   -790.17   38811.6   -1.4745e+06   2.03335e+08   -1.43354e+09   1.26169e+11   
95.4545   0.192065   0.700278   -8.11916   -1.24429   -1102.07   48850.7   -1.90676e+06   2.67521e+08   -1.84557e+09   1.68498e+11   
96.4646   0.184042   0.795294   -7.64825   7.48216   -1489.2   61492.9   -2.45999e+06   3.50959e+08   -2.36828e+09   2.24386e+11   
97.4747   0.1751   0.886024   -7.10875   19.6122   -1968.96   77390.3   -3.16623e+06   4.5913e+08   -3.02922e+09   2.97977e+11   
98.4848   0.165297   0.972018   -6.49818   35.9154   -2562.68   97349.1   -4.06552e+06   5.98994e+08   -3.86222e+09   3.94618e+11   
99.4949   0.154694   1.05286   -5.81334   57.3234   -3296.46   122364   -5.20783e+06   7.7937e+08   -4.90869e+09   5.21196e+11   
100.505   0.143348   1.12815   -5.05004   84.9638   -4202.16   153658   -6.65536e+06   1.0114e+09   -6.21907e+09   6.86556e+11   
